{"0":"3","1":"0","2":"0","3":"0","level":"info","message":"Api gateway is running on port ","service":"api-gateway","timestamp":"2025-01-13T15:20:11.813Z"}
{"0":"3","1":"0","2":"0","3":"0","level":"info","message":"Api gateway is running on port ","service":"api-gateway","timestamp":"2025-01-13T15:20:41.372Z"}
{"level":"info","message":"Received Request Method POST to url /v1/auth/register of body => [object Object] ","service":"api-gateway","timestamp":"2025-01-13T15:20:55.046Z"}
{"level":"info","message":"Response received from User service","service":"api-gateway","timestamp":"2025-01-13T15:20:55.058Z"}
{"level":"info","message":"Received Request Method POST to url /v1/auth/register of body => [object Object] ","service":"api-gateway","timestamp":"2025-01-13T15:21:32.648Z"}
{"level":"info","message":"Response received from User service","service":"api-gateway","timestamp":"2025-01-13T15:21:32.654Z"}
{"0":"3","1":"0","2":"0","3":"0","level":"info","message":"Api gateway is running on port ","service":"api-gateway","timestamp":"2025-01-13T15:23:05.327Z"}
{"level":"info","message":"Received Request Method POST to url /v1/auth/register of body => [object Object] ","service":"api-gateway","timestamp":"2025-01-13T15:23:10.165Z"}
{"level":"info","message":"Response received from User service","service":"api-gateway","timestamp":"2025-01-13T15:23:10.171Z"}
{"level":"info","message":"Received Request Method POST to url /v1/auth/register of body => [object Object] ","service":"api-gateway","timestamp":"2025-01-13T15:23:20.278Z"}
{"level":"info","message":"Response received from User service","service":"api-gateway","timestamp":"2025-01-13T15:23:20.283Z"}
{"0":"3","1":"0","2":"0","3":"0","level":"info","message":"Api gateway is running on port ","service":"api-gateway","timestamp":"2025-01-13T15:27:00.258Z"}
{"level":"info","message":"Received Request Method POST to url /v1/auth/register of body => [object Object] ","service":"api-gateway","timestamp":"2025-01-13T15:28:28.247Z"}
{"level":"info","message":"Response received from User service","service":"api-gateway","timestamp":"2025-01-13T15:28:28.282Z"}
{"0":"3","1":"0","2":"0","3":"0","level":"info","message":"Api gateway is running on port ","service":"api-gateway","timestamp":"2025-01-13T15:28:49.906Z"}
{"level":"info","message":"Received Request Method POST to url /v1/auth/register of body => [object Object] ","service":"api-gateway","timestamp":"2025-01-13T15:28:53.288Z"}
{"level":"info","message":"Response received from User service","service":"api-gateway","timestamp":"2025-01-13T15:28:53.300Z"}
{"level":"info","message":"Received Request Method POST to url /v1/auth/register of body => [object Object] ","service":"api-gateway","timestamp":"2025-01-13T15:31:53.199Z"}
{"level":"info","message":"Response received from User service","service":"api-gateway","timestamp":"2025-01-13T15:31:53.224Z"}
{"level":"info","message":"Received Request Method POST to url /v1/auth/register of body => [object Object] ","service":"api-gateway","timestamp":"2025-01-13T15:32:01.125Z"}
{"level":"info","message":"Response received from User service","service":"api-gateway","timestamp":"2025-01-13T15:32:01.132Z"}
{"level":"info","message":"Received Request Method POST to url /v1/auth/register of body => [object Object] ","service":"api-gateway","timestamp":"2025-01-13T15:48:35.823Z"}
{"level":"info","message":"Response received from User service","service":"api-gateway","timestamp":"2025-01-13T15:48:35.846Z"}
{"level":"info","message":"Received Request Method POST to url /v1/auth/register of body => [object Object] ","service":"api-gateway","timestamp":"2025-01-13T15:49:16.314Z"}
{"level":"info","message":"Response received from User service","service":"api-gateway","timestamp":"2025-01-13T15:49:16.321Z"}
{"level":"info","message":"Received Request Method POST to url /v1/auth/register of body => [object Object] ","service":"api-gateway","timestamp":"2025-01-13T15:50:29.087Z"}
{"level":"info","message":"Response received from User service","service":"api-gateway","timestamp":"2025-01-13T15:50:29.106Z"}
{"level":"info","message":"Received Request Method POST to url /v1/auth/register of body => [object Object] ","service":"api-gateway","timestamp":"2025-01-13T15:51:13.353Z"}
{"level":"info","message":"Response received from User service","service":"api-gateway","timestamp":"2025-01-13T15:51:13.416Z"}
{"level":"info","message":"Received Request Method POST to url /v1/auth/register of body => [object Object] ","service":"api-gateway","timestamp":"2025-01-13T15:51:35.994Z"}
{"level":"info","message":"Response received from User service","service":"api-gateway","timestamp":"2025-01-13T15:51:36.154Z"}
{"level":"info","message":"Received Request Method POST to url /v1/auth/register of body => [object Object] ","service":"api-gateway","timestamp":"2025-01-13T15:52:53.663Z"}
{"level":"info","message":"Response received from User service","service":"api-gateway","timestamp":"2025-01-13T15:52:54.138Z"}
{"level":"info","message":"Received Request Method POST to url /v1/auth/register of body => [object Object] ","service":"api-gateway","timestamp":"2025-01-13T15:53:30.240Z"}
{"0":"c","1":"o","10":"O","11":"N","12":"N","13":"R","14":"E","15":"F","16":"U","17":"S","18":"E","19":"D","2":"n","20":" ","21":":","22":":","23":"1","24":":","25":"3","26":"0","27":"0","28":"1","3":"n","4":"e","5":"c","6":"t","7":" ","8":"E","9":"C","level":"error","message":"Proxy error ","service":"api-gateway","timestamp":"2025-01-13T15:53:30.243Z"}
{"level":"info","message":"Received Request Method POST to url /v1/auth/register of body => [object Object] ","service":"api-gateway","timestamp":"2025-01-13T15:53:45.174Z"}
{"level":"info","message":"Response received from User service","service":"api-gateway","timestamp":"2025-01-13T15:53:45.255Z"}
{"level":"info","message":"Received Request Method POST to url /v1/auth/register of body => [object Object] ","service":"api-gateway","timestamp":"2025-01-13T15:53:55.563Z"}
{"level":"info","message":"Response received from User service","service":"api-gateway","timestamp":"2025-01-13T15:53:55.771Z"}
{"level":"info","message":"Received Request Method POST to url /v1/auth/login of body => [object Object] ","service":"api-gateway","timestamp":"2025-01-14T10:23:23.513Z"}
{"level":"info","message":"Response received from User service","service":"api-gateway","timestamp":"2025-01-14T10:23:23.880Z"}
{"level":"info","message":"Received Request Method POST to url /v1/auth/login of body => [object Object] ","service":"api-gateway","timestamp":"2025-01-14T10:23:59.592Z"}
{"level":"info","message":"Response received from User service","service":"api-gateway","timestamp":"2025-01-14T10:23:59.828Z"}
{"level":"info","message":"Received Request Method POST to url /v1/auth/login of body => [object Object] ","service":"api-gateway","timestamp":"2025-01-14T10:24:27.425Z"}
{"level":"info","message":"Response received from User service","service":"api-gateway","timestamp":"2025-01-14T10:24:27.612Z"}
{"0":"3","1":"0","2":"0","3":"0","level":"info","message":"Api gateway is running on port ","service":"api-gateway","timestamp":"2025-01-14T13:11:20.491Z"}
{"level":"info","message":"Received Request Method POST to url /v1/posts/create of body => [object Object] ","service":"api-gateway","timestamp":"2025-01-14T13:11:26.669Z"}
{"0":"C","1":"a","10":"d","11":" ","12":"p","13":"r","14":"o","15":"p","16":"e","17":"r","18":"t","19":"i","2":"n","20":"e","21":"s","22":" ","23":"o","24":"f","25":" ","26":"u","27":"n","28":"d","29":"e","3":"n","30":"f","31":"i","32":"n","33":"e","34":"d","35":" ","36":"(","37":"r","38":"e","39":"a","4":"o","40":"d","41":"i","42":"n","43":"g","44":" ","45":"'","46":"u","47":"s","48":"e","49":"r","5":"t","50":"I","51":"d","52":"'","53":")","6":" ","7":"r","8":"e","9":"a","level":"error","message":"Proxy error ","service":"api-gateway","timestamp":"2025-01-14T13:11:26.673Z"}
{"0":"3","1":"0","2":"0","3":"0","level":"info","message":"Api gateway is running on port ","service":"api-gateway","timestamp":"2025-01-14T14:05:58.971Z"}
{"level":"info","message":"Received Request Method POST to url /v1/posts/create of body => [object Object] ","service":"api-gateway","timestamp":"2025-01-14T14:06:05.821Z"}
{"0":"C","1":"a","10":"d","11":" ","12":"p","13":"r","14":"o","15":"p","16":"e","17":"r","18":"t","19":"i","2":"n","20":"e","21":"s","22":" ","23":"o","24":"f","25":" ","26":"u","27":"n","28":"d","29":"e","3":"n","30":"f","31":"i","32":"n","33":"e","34":"d","35":" ","36":"(","37":"r","38":"e","39":"a","4":"o","40":"d","41":"i","42":"n","43":"g","44":" ","45":"'","46":"u","47":"s","48":"e","49":"r","5":"t","50":"I","51":"d","52":"'","53":")","6":" ","7":"r","8":"e","9":"a","level":"error","message":"Proxy error ","service":"api-gateway","timestamp":"2025-01-14T14:06:05.824Z"}
{"level":"info","message":"Received Request Method POST to url /v1/posts/create of body => [object Object] ","service":"api-gateway","timestamp":"2025-01-14T14:06:08.358Z"}
{"0":"C","1":"a","10":"d","11":" ","12":"p","13":"r","14":"o","15":"p","16":"e","17":"r","18":"t","19":"i","2":"n","20":"e","21":"s","22":" ","23":"o","24":"f","25":" ","26":"u","27":"n","28":"d","29":"e","3":"n","30":"f","31":"i","32":"n","33":"e","34":"d","35":" ","36":"(","37":"r","38":"e","39":"a","4":"o","40":"d","41":"i","42":"n","43":"g","44":" ","45":"'","46":"u","47":"s","48":"e","49":"r","5":"t","50":"I","51":"d","52":"'","53":")","6":" ","7":"r","8":"e","9":"a","level":"error","message":"Proxy error ","service":"api-gateway","timestamp":"2025-01-14T14:06:08.361Z"}
{"0":"3","1":"0","2":"0","3":"0","level":"info","message":"Api gateway is running on port ","service":"api-gateway","timestamp":"2025-01-14T14:18:08.671Z"}
{"0":"3","1":"0","2":"0","3":"0","level":"info","message":"Api gateway is running on port ","service":"api-gateway","timestamp":"2025-01-14T14:18:22.685Z"}
{"level":"info","message":"Received Request Method POST to url /v1/posts/create of body => [object Object] ","service":"api-gateway","timestamp":"2025-01-14T14:18:29.897Z"}
{"0":"C","1":"a","10":"d","11":" ","12":"p","13":"r","14":"o","15":"p","16":"e","17":"r","18":"t","19":"i","2":"n","20":"e","21":"s","22":" ","23":"o","24":"f","25":" ","26":"u","27":"n","28":"d","29":"e","3":"n","30":"f","31":"i","32":"n","33":"e","34":"d","35":" ","36":"(","37":"r","38":"e","39":"a","4":"o","40":"d","41":"i","42":"n","43":"g","44":" ","45":"'","46":"u","47":"s","48":"e","49":"r","5":"t","50":"I","51":"d","52":"'","53":")","6":" ","7":"r","8":"e","9":"a","level":"error","message":"Proxy error ","service":"api-gateway","timestamp":"2025-01-14T14:18:29.899Z"}
{"0":"3","1":"0","2":"0","3":"0","level":"info","message":"Api gateway is running on port ","service":"api-gateway","timestamp":"2025-01-14T14:20:34.795Z"}
{"level":"info","message":"Received Request Method POST to url /v1/posts/create of body => [object Object] ","service":"api-gateway","timestamp":"2025-01-14T14:20:46.839Z"}
{"level":"warn","message":"Invalid token","service":"api-gateway","timestamp":"2025-01-14T14:20:46.840Z"}
{"level":"info","message":"Received Request Method POST to url /v1/posts/create of body => [object Object] ","service":"api-gateway","timestamp":"2025-01-14T14:21:45.810Z"}
{"level":"warn","message":"Invalid token","service":"api-gateway","timestamp":"2025-01-14T14:21:45.811Z"}
{"0":"3","1":"0","2":"0","3":"0","level":"info","message":"Api gateway is running on port ","service":"api-gateway","timestamp":"2025-01-14T14:21:57.844Z"}
{"level":"info","message":"Received Request Method POST to url /v1/posts/create of body => [object Object] ","service":"api-gateway","timestamp":"2025-01-14T14:22:01.346Z"}
{"level":"warn","message":"Invalid token","service":"api-gateway","timestamp":"2025-01-14T14:22:01.348Z"}
{"0":"3","1":"0","2":"0","3":"0","level":"info","message":"Api gateway is running on port ","service":"api-gateway","timestamp":"2025-01-14T14:23:11.398Z"}
{"level":"info","message":"Received Request Method POST to url /v1/posts/create of body => [object Object] ","service":"api-gateway","timestamp":"2025-01-14T14:23:14.922Z"}
{"level":"warn","message":"Invalid token","service":"api-gateway","timestamp":"2025-01-14T14:23:14.925Z"}
{"level":"info","message":"Received Request Method POST to url /v1/posts/create of body => [object Object] ","service":"api-gateway","timestamp":"2025-01-14T14:23:38.392Z"}
{"level":"warn","message":"Invalid token","service":"api-gateway","timestamp":"2025-01-14T14:23:38.396Z"}
{"0":"3","1":"0","2":"0","3":"0","level":"info","message":"Api gateway is running on port ","service":"api-gateway","timestamp":"2025-01-14T14:34:43.432Z"}
{"level":"info","message":"Received Request Method POST to url /v1/posts/create of body => [object Object] ","service":"api-gateway","timestamp":"2025-01-14T14:34:47.045Z"}
{"level":"warn","message":"Invalid token","service":"api-gateway","timestamp":"2025-01-14T14:34:47.053Z"}
{"level":"info","message":"Received Request Method POST to url /v1/auth/login of body => [object Object] ","service":"api-gateway","timestamp":"2025-01-14T14:35:09.685Z"}
{"0":"c","1":"o","10":"O","11":"N","12":"N","13":"R","14":"E","15":"F","16":"U","17":"S","18":"E","19":"D","2":"n","20":" ","21":":","22":":","23":"1","24":":","25":"3","26":"0","27":"0","28":"1","3":"n","4":"e","5":"c","6":"t","7":" ","8":"E","9":"C","level":"error","message":"Proxy error ","service":"api-gateway","timestamp":"2025-01-14T14:35:09.693Z"}
{"level":"info","message":"Received Request Method POST to url /v1/auth/login of body => [object Object] ","service":"api-gateway","timestamp":"2025-01-14T14:35:39.026Z"}
{"0":"c","1":"o","10":"O","11":"N","12":"N","13":"R","14":"E","15":"F","16":"U","17":"S","18":"E","19":"D","2":"n","20":" ","21":":","22":":","23":"1","24":":","25":"3","26":"0","27":"0","28":"1","3":"n","4":"e","5":"c","6":"t","7":" ","8":"E","9":"C","level":"error","message":"Proxy error ","service":"api-gateway","timestamp":"2025-01-14T14:35:39.029Z"}
{"level":"info","message":"Received Request Method POST to url /v1/auth/login of body => [object Object] ","service":"api-gateway","timestamp":"2025-01-14T14:35:40.555Z"}
{"0":"c","1":"o","10":"O","11":"N","12":"N","13":"R","14":"E","15":"F","16":"U","17":"S","18":"E","19":"D","2":"n","20":" ","21":":","22":":","23":"1","24":":","25":"3","26":"0","27":"0","28":"1","3":"n","4":"e","5":"c","6":"t","7":" ","8":"E","9":"C","level":"error","message":"Proxy error ","service":"api-gateway","timestamp":"2025-01-14T14:35:40.557Z"}
{"level":"info","message":"Received Request Method POST to url /v1/auth/login of body => [object Object] ","service":"api-gateway","timestamp":"2025-01-14T14:35:42.387Z"}
{"0":"c","1":"o","10":"O","11":"N","12":"N","13":"R","14":"E","15":"F","16":"U","17":"S","18":"E","19":"D","2":"n","20":" ","21":":","22":":","23":"1","24":":","25":"3","26":"0","27":"0","28":"1","3":"n","4":"e","5":"c","6":"t","7":" ","8":"E","9":"C","level":"error","message":"Proxy error ","service":"api-gateway","timestamp":"2025-01-14T14:35:42.389Z"}
{"level":"info","message":"Received Request Method POST to url /v1/auth/login of body => [object Object] ","service":"api-gateway","timestamp":"2025-01-14T14:35:55.819Z"}
{"level":"info","message":"Response received from User service","service":"api-gateway","timestamp":"2025-01-14T14:35:56.117Z"}
{"level":"info","message":"Received Request Method POST to url /v1/posts/create of body => [object Object] ","service":"api-gateway","timestamp":"2025-01-14T14:36:17.395Z"}
{"level":"info","message":"Response received from Post service","service":"api-gateway","timestamp":"2025-01-14T14:36:17.674Z"}
{"level":"info","message":"Received Request Method GET to url /v1/posts/all of body => [object Object] ","service":"api-gateway","timestamp":"2025-01-14T15:12:26.823Z"}
{"level":"info","message":"Response received from Post service","service":"api-gateway","timestamp":"2025-01-14T15:12:26.979Z"}
{"level":"info","message":"Received Request Method GET to url /v1/posts/all of body => [object Object] ","service":"api-gateway","timestamp":"2025-01-14T15:14:06.625Z"}
{"level":"info","message":"Response received from Post service","service":"api-gateway","timestamp":"2025-01-14T15:14:06.701Z"}
{"level":"info","message":"Received Request Method GET to url /v1/posts/all of body => [object Object] ","service":"api-gateway","timestamp":"2025-01-14T15:14:38.539Z"}
{"level":"info","message":"Response received from Post service","service":"api-gateway","timestamp":"2025-01-14T15:14:38.606Z"}
{"level":"info","message":"Received Request Method GET to url /v1/posts/all of body => [object Object] ","service":"api-gateway","timestamp":"2025-01-14T15:14:40.880Z"}
{"level":"info","message":"Response received from Post service","service":"api-gateway","timestamp":"2025-01-14T15:14:40.950Z"}
{"level":"info","message":"Received Request Method GET to url /v1/posts/all of body => [object Object] ","service":"api-gateway","timestamp":"2025-01-14T15:14:42.122Z"}
{"level":"info","message":"Response received from Post service","service":"api-gateway","timestamp":"2025-01-14T15:14:42.194Z"}
{"level":"info","message":"Received Request Method GET to url /v1/posts/all of body => [object Object] ","service":"api-gateway","timestamp":"2025-01-14T15:14:43.318Z"}
{"level":"info","message":"Response received from Post service","service":"api-gateway","timestamp":"2025-01-14T15:14:43.388Z"}
{"level":"info","message":"Received Request Method GET to url /v1/posts/all of body => [object Object] ","service":"api-gateway","timestamp":"2025-01-14T15:14:44.564Z"}
{"level":"info","message":"Response received from Post service","service":"api-gateway","timestamp":"2025-01-14T15:14:44.628Z"}
{"level":"info","message":"Received Request Method GET to url /v1/posts/67867661efeb9e4a8be38e97 of body => [object Object] ","service":"api-gateway","timestamp":"2025-01-14T15:59:30.432Z"}
{"level":"warn","message":"Invalid token","service":"api-gateway","timestamp":"2025-01-14T15:59:30.443Z"}
{"level":"info","message":"Received Request Method GET to url /v1/posts/67867661efeb9e4a8be38e97 of body => [object Object] ","service":"api-gateway","timestamp":"2025-01-14T15:59:34.755Z"}
{"level":"warn","message":"Invalid token","service":"api-gateway","timestamp":"2025-01-14T15:59:34.763Z"}
{"level":"info","message":"Received Request Method POST to url /v1/auth/login of body => [object Object] ","service":"api-gateway","timestamp":"2025-01-14T15:59:47.312Z"}
{"level":"info","message":"Response received from User service","service":"api-gateway","timestamp":"2025-01-14T15:59:47.590Z"}
{"level":"info","message":"Received Request Method GET to url /v1/posts/67867661efeb9e4a8be38e97 of body => [object Object] ","service":"api-gateway","timestamp":"2025-01-14T16:00:09.968Z"}
{"level":"info","message":"Response received from Post service","service":"api-gateway","timestamp":"2025-01-14T16:00:10.214Z"}
{"level":"info","message":"Received Request Method GET to url /v1/posts/67867661efeb9e4a8be38e97 of body => [object Object] ","service":"api-gateway","timestamp":"2025-01-14T16:01:36.233Z"}
{"level":"info","message":"Response received from Post service","service":"api-gateway","timestamp":"2025-01-14T16:01:36.364Z"}
{"level":"info","message":"Received Request Method GET to url /v1/posts/67867661efeb9e4a8be38e97 of body => [object Object] ","service":"api-gateway","timestamp":"2025-01-14T16:01:37.849Z"}
{"level":"info","message":"Response received from Post service","service":"api-gateway","timestamp":"2025-01-14T16:01:37.969Z"}
{"level":"info","message":"Received Request Method GET to url /v1/posts/67867661efeb9e4a8be38e97 of body => [object Object] ","service":"api-gateway","timestamp":"2025-01-14T16:01:44.891Z"}
{"level":"info","message":"Response received from Post service","service":"api-gateway","timestamp":"2025-01-14T16:01:44.992Z"}
{"level":"info","message":"Received Request Method GET to url /v1/posts/67867661efeb9e4a8be38e97 of body => [object Object] ","service":"api-gateway","timestamp":"2025-01-14T16:01:46.423Z"}
{"level":"info","message":"Response received from Post service","service":"api-gateway","timestamp":"2025-01-14T16:01:46.552Z"}
{"level":"info","message":"Received Request Method GET to url /v1/posts/67867661efeb9e4a8be38e97 of body => [object Object] ","service":"api-gateway","timestamp":"2025-01-14T16:01:47.760Z"}
{"level":"info","message":"Response received from Post service","service":"api-gateway","timestamp":"2025-01-14T16:01:47.907Z"}
{"level":"info","message":"Received Request Method GET to url /v1/posts/67867661efeb9e4a8be38e97 of body => [object Object] ","service":"api-gateway","timestamp":"2025-01-14T16:01:49.000Z"}
{"level":"info","message":"Response received from Post service","service":"api-gateway","timestamp":"2025-01-14T16:01:49.127Z"}
{"level":"info","message":"Received Request Method GET to url /v1/posts/67867661efeb9e4a8be38e97 of body => [object Object] ","service":"api-gateway","timestamp":"2025-01-14T16:01:50.228Z"}
{"level":"info","message":"Response received from Post service","service":"api-gateway","timestamp":"2025-01-14T16:01:50.349Z"}
{"level":"info","message":"Received Request Method GET to url /v1/posts/67867661efeb9e4a8be38e97 of body => [object Object] ","service":"api-gateway","timestamp":"2025-01-14T16:01:51.576Z"}
{"level":"info","message":"Response received from Post service","service":"api-gateway","timestamp":"2025-01-14T16:01:51.704Z"}
{"level":"info","message":"Received Request Method GET to url /v1/posts/67867661efeb9e4a8be38e97 of body => [object Object] ","service":"api-gateway","timestamp":"2025-01-14T16:03:07.050Z"}
{"level":"info","message":"Response received from Post service","service":"api-gateway","timestamp":"2025-01-14T16:03:07.112Z"}
{"level":"info","message":"Received Request Method DELETE to url /v1/posts/67867661efeb9e4a8be38e97 of body => [object Object] ","service":"api-gateway","timestamp":"2025-01-14T16:14:16.916Z"}
{"level":"info","message":"Response received from Post service","service":"api-gateway","timestamp":"2025-01-14T16:14:17.151Z"}
{"0":"3","1":"0","2":"0","3":"0","level":"info","message":"Api gateway is running on port ","service":"api-gateway","timestamp":"2025-01-14T16:17:47.554Z"}
{"0":"3","1":"0","2":"0","3":"0","level":"info","message":"Api gateway is running on port ","service":"api-gateway","timestamp":"2025-01-14T16:17:57.242Z"}
{"0":"3","1":"0","2":"0","3":"0","level":"info","message":"Api gateway is running on port ","service":"api-gateway","timestamp":"2025-01-16T11:44:26.374Z"}
{"0":"3","1":"0","2":"0","3":"0","level":"info","message":"Api gateway is running on port ","service":"api-gateway","timestamp":"2025-01-16T11:46:53.564Z"}
{"0":"3","1":"0","2":"0","3":"0","level":"info","message":"Api gateway is running on port ","service":"api-gateway","timestamp":"2025-01-16T11:47:33.671Z"}
{"0":"3","1":"0","2":"0","3":"0","level":"info","message":"Api gateway is running on port ","service":"api-gateway","timestamp":"2025-01-16T11:48:29.274Z"}
{"level":"info","message":"Received Request Method POST to url /v1/auth/login of body => [object Object] ","service":"api-gateway","timestamp":"2025-01-16T11:50:06.371Z"}
{"level":"info","message":"Response received from User service","service":"api-gateway","timestamp":"2025-01-16T11:50:06.410Z"}
{"level":"error","message":"SyntaxError: Unexpected token } in JSON at position 72\n    at JSON.parse (<anonymous>)\n    at parse (D:\\VisualStudioCode\\social-media-node-ms\\api-gateway\\node_modules\\body-parser\\lib\\types\\json.js:92:19)\n    at D:\\VisualStudioCode\\social-media-node-ms\\api-gateway\\node_modules\\body-parser\\lib\\read.js:128:18\n    at AsyncResource.runInAsyncScope (node:async_hooks:203:9)\n    at invokeCallback (D:\\VisualStudioCode\\social-media-node-ms\\api-gateway\\node_modules\\raw-body\\index.js:238:16)\n    at done (D:\\VisualStudioCode\\social-media-node-ms\\api-gateway\\node_modules\\raw-body\\index.js:227:7)\n    at IncomingMessage.onEnd (D:\\VisualStudioCode\\social-media-node-ms\\api-gateway\\node_modules\\raw-body\\index.js:287:7)\n    at IncomingMessage.emit (node:events:517:28)\n    at endReadableNT (node:internal/streams/readable:1368:12)\n    at process.processTicksAndRejections (node:internal/process/task_queues:82:21)","service":"api-gateway","timestamp":"2025-01-16T11:50:16.095Z"}
{"level":"info","message":"Received Request Method POST to url /v1/auth/login of body => [object Object] ","service":"api-gateway","timestamp":"2025-01-16T11:50:21.286Z"}
{"level":"info","message":"Response received from User service","service":"api-gateway","timestamp":"2025-01-16T11:50:21.911Z"}
{"level":"info","message":"Received Request Method POST to url /v1/media/upload of body => [object Object] ","service":"api-gateway","timestamp":"2025-01-16T11:52:18.465Z"}
{"level":"info","message":"Response received from Post service","service":"api-gateway","timestamp":"2025-01-16T11:52:18.570Z"}
{"level":"info","message":"Received Request Method POST to url /v1/media/upload of body => [object Object] ","service":"api-gateway","timestamp":"2025-01-16T11:54:57.381Z"}
{"level":"info","message":"Response received from Post service","service":"api-gateway","timestamp":"2025-01-16T11:54:57.407Z"}
{"level":"info","message":"Received Request Method POST to url /v1/media/upload of body => [object Object] ","service":"api-gateway","timestamp":"2025-01-16T11:56:30.689Z"}
{"level":"info","message":"Response received from Post service","service":"api-gateway","timestamp":"2025-01-16T11:56:30.732Z"}
{"level":"info","message":"Received Request Method POST to url /v1/media/upload of body => [object Object] ","service":"api-gateway","timestamp":"2025-01-16T11:59:58.357Z"}
{"level":"info","message":"Response received from Post service","service":"api-gateway","timestamp":"2025-01-16T11:59:58.413Z"}
{"level":"info","message":"Received Request Method POST to url /v1/media/upload of body => [object Object] ","service":"api-gateway","timestamp":"2025-01-16T12:00:54.879Z"}
{"level":"info","message":"Response received from Post service","service":"api-gateway","timestamp":"2025-01-16T12:00:57.287Z"}
{"0":"3","1":"0","2":"0","3":"0","level":"info","message":"Api gateway is running on port ","service":"api-gateway","timestamp":"2025-01-19T12:41:42.911Z"}
