{"level":"info","message":"Post Service running on port: 3002","service":"post-service","timestamp":"2025-01-14T12:47:53.672Z"}
{"level":"info","message":"Connected to mongodb","service":"post-service","timestamp":"2025-01-14T12:47:54.309Z"}
{"level":"info","message":"Post Service running on port: 3002","service":"post-service","timestamp":"2025-01-14T14:05:35.585Z"}
{"level":"info","message":"Connected to mongodb","service":"post-service","timestamp":"2025-01-14T14:05:36.202Z"}
{"level":"info","message":"Post Service running on port: 3002","service":"post-service","timestamp":"2025-01-14T14:05:40.744Z"}
{"level":"info","message":"Connected to mongodb","service":"post-service","timestamp":"2025-01-14T14:05:41.110Z"}
{"level":"info","message":"Post Service running on port: 3002","service":"post-service","timestamp":"2025-01-14T14:07:25.973Z"}
{"level":"info","message":"Connected to mongodb","service":"post-service","timestamp":"2025-01-14T14:07:27.112Z"}
{"level":"info","message":"Received Request Method POST to url /api/posts/create of body => [object Object] ","service":"post-service","timestamp":"2025-01-14T14:36:17.609Z"}
{"$__":{"$versionError":null,"activePaths":{"paths":{},"states":{"default":{},"modify":{}}},"backup":{"activePaths":{"default":{"_id":true,"createdAt":true},"modify":{"content":true,"mediaIds":true,"updatedAt":true,"user":true}},"validationError":null},"cachedRequired":{},"inserting":true,"op":null,"pathsToScopes":{"mediaIds":{"__v":0,"_id":"67867661efeb9e4a8be38e97","content":"hi hello ","createdAt":"2025-01-14T14:36:17.619Z","mediaIds":[],"updatedAt":"2025-01-14T14:36:17.619Z","user":"678537138367aefebe477673"}},"saveOptions":null,"savedState":{},"saving":null,"validating":null},"$isNew":false,"_doc":{"__v":0,"_id":"67867661efeb9e4a8be38e97","content":"hi hello ","createdAt":"2025-01-14T14:36:17.619Z","mediaIds":[],"updatedAt":"2025-01-14T14:36:17.619Z","user":"678537138367aefebe477673"},"level":"info","message":"Post created successfully","service":"post-service","timestamp":"2025-01-14T14:36:17.666Z"}
{"level":"info","message":"Post Service running on port: 3002","service":"post-service","timestamp":"2025-01-14T14:38:16.598Z"}
{"level":"info","message":"Connected to mongodb","service":"post-service","timestamp":"2025-01-14T14:38:17.109Z"}
{"level":"info","message":"Post Service running on port: 3002","service":"post-service","timestamp":"2025-01-14T14:39:01.495Z"}
{"level":"info","message":"Connected to mongodb","service":"post-service","timestamp":"2025-01-14T14:39:01.903Z"}
{"level":"info","message":"Post Service running on port: 3002","service":"post-service","timestamp":"2025-01-14T14:39:15.703Z"}
{"level":"info","message":"Connected to mongodb","service":"post-service","timestamp":"2025-01-14T14:39:16.304Z"}
{"level":"info","message":"Post Service running on port: 3002","service":"post-service","timestamp":"2025-01-14T14:40:38.415Z"}
{"level":"info","message":"Post Service running on port: 3002","service":"post-service","timestamp":"2025-01-14T14:40:39.265Z"}
{"level":"info","message":"Connected to mongodb","service":"post-service","timestamp":"2025-01-14T14:40:39.612Z"}
{"level":"info","message":"Post Service running on port: 3002","service":"post-service","timestamp":"2025-01-14T15:02:53.768Z"}
{"level":"info","message":"Connected to mongodb","service":"post-service","timestamp":"2025-01-14T15:02:54.445Z"}
{"level":"info","message":"Post Service running on port: 3002","service":"post-service","timestamp":"2025-01-14T15:05:15.966Z"}
{"level":"info","message":"Connected to mongodb","service":"post-service","timestamp":"2025-01-14T15:05:16.506Z"}
{"level":"info","message":"Post Service running on port: 3002","service":"post-service","timestamp":"2025-01-14T15:08:23.734Z"}
{"level":"info","message":"Connected to mongodb","service":"post-service","timestamp":"2025-01-14T15:08:24.290Z"}
{"level":"info","message":"Post Service running on port: 3002","service":"post-service","timestamp":"2025-01-14T15:09:47.452Z"}
{"level":"info","message":"Connected to mongodb","service":"post-service","timestamp":"2025-01-14T15:09:48.000Z"}
{"level":"info","message":"Post Service running on port: 3002","service":"post-service","timestamp":"2025-01-14T15:10:03.947Z"}
{"level":"info","message":"Connected to mongodb","service":"post-service","timestamp":"2025-01-14T15:10:04.331Z"}
{"level":"info","message":"Post Service running on port: 3002","service":"post-service","timestamp":"2025-01-14T15:10:16.567Z"}
{"level":"info","message":"Connected to mongodb","service":"post-service","timestamp":"2025-01-14T15:10:16.931Z"}
{"level":"info","message":"Post Service running on port: 3002","service":"post-service","timestamp":"2025-01-14T15:10:28.391Z"}
{"level":"info","message":"Connected to mongodb","service":"post-service","timestamp":"2025-01-14T15:10:28.747Z"}
{"level":"info","message":"Post Service running on port: 3002","service":"post-service","timestamp":"2025-01-14T15:11:03.881Z"}
{"level":"info","message":"Connected to mongodb","service":"post-service","timestamp":"2025-01-14T15:11:04.826Z"}
{"level":"info","message":"Post Service running on port: 3002","service":"post-service","timestamp":"2025-01-14T15:11:08.809Z"}
{"level":"info","message":"Connected to mongodb","service":"post-service","timestamp":"2025-01-14T15:11:09.202Z"}
{"level":"info","message":"Received Request Method GET to url /api/posts/all of body => [object Object] ","service":"post-service","timestamp":"2025-01-14T15:12:26.905Z"}
{"level":"info","message":"Received Request Method GET to url /api/posts/all of body => [object Object] ","service":"post-service","timestamp":"2025-01-14T15:14:06.693Z"}
{"level":"info","message":"Received Request Method GET to url /api/posts/all of body => [object Object] ","service":"post-service","timestamp":"2025-01-14T15:14:38.602Z"}
{"level":"info","message":"Received Request Method GET to url /api/posts/all of body => [object Object] ","service":"post-service","timestamp":"2025-01-14T15:14:40.946Z"}
{"level":"info","message":"Received Request Method GET to url /api/posts/all of body => [object Object] ","service":"post-service","timestamp":"2025-01-14T15:14:42.190Z"}
{"level":"info","message":"Received Request Method GET to url /api/posts/all of body => [object Object] ","service":"post-service","timestamp":"2025-01-14T15:14:43.384Z"}
{"level":"info","message":"Received Request Method GET to url /api/posts/all of body => [object Object] ","service":"post-service","timestamp":"2025-01-14T15:14:44.625Z"}
{"level":"info","message":"Post Service running on port: 3002","service":"post-service","timestamp":"2025-01-14T15:21:47.510Z"}
{"level":"info","message":"Connected to mongodb","service":"post-service","timestamp":"2025-01-14T15:21:48.391Z"}
{"level":"info","message":"Post Service running on port: 3002","service":"post-service","timestamp":"2025-01-14T15:41:28.765Z"}
{"level":"info","message":"Connected to mongodb","service":"post-service","timestamp":"2025-01-14T15:41:29.384Z"}
{"level":"info","message":"Post Service running on port: 3002","service":"post-service","timestamp":"2025-01-14T15:41:39.450Z"}
{"level":"info","message":"Connected to mongodb","service":"post-service","timestamp":"2025-01-14T15:41:39.822Z"}
{"level":"info","message":"Post Service running on port: 3002","service":"post-service","timestamp":"2025-01-14T15:42:35.600Z"}
{"level":"info","message":"Connected to mongodb","service":"post-service","timestamp":"2025-01-14T15:42:36.130Z"}
{"level":"info","message":"Post Service running on port: 3002","service":"post-service","timestamp":"2025-01-14T15:43:07.514Z"}
{"level":"info","message":"Connected to mongodb","service":"post-service","timestamp":"2025-01-14T15:43:07.914Z"}
{"level":"info","message":"Post Service running on port: 3002","service":"post-service","timestamp":"2025-01-14T15:44:23.982Z"}
{"level":"info","message":"Connected to mongodb","service":"post-service","timestamp":"2025-01-14T15:44:24.492Z"}
{"level":"info","message":"Post Service running on port: 3002","service":"post-service","timestamp":"2025-01-14T15:46:39.631Z"}
{"level":"info","message":"Connected to mongodb","service":"post-service","timestamp":"2025-01-14T15:46:40.292Z"}
{"level":"info","message":"Post Service running on port: 3002","service":"post-service","timestamp":"2025-01-14T15:49:40.948Z"}
{"level":"info","message":"Connected to mongodb","service":"post-service","timestamp":"2025-01-14T15:49:41.558Z"}
{"level":"info","message":"Post Service running on port: 3002","service":"post-service","timestamp":"2025-01-14T15:51:22.045Z"}
{"level":"info","message":"Connected to mongodb","service":"post-service","timestamp":"2025-01-14T15:51:22.553Z"}
{"level":"info","message":"Post Service running on port: 3002","service":"post-service","timestamp":"2025-01-14T15:51:57.592Z"}
{"level":"info","message":"Connected to mongodb","service":"post-service","timestamp":"2025-01-14T15:51:58.079Z"}
{"level":"info","message":"Post Service running on port: 3002","service":"post-service","timestamp":"2025-01-14T15:52:23.704Z"}
{"level":"info","message":"Connected to mongodb","service":"post-service","timestamp":"2025-01-14T15:52:24.470Z"}
{"level":"info","message":"Post Service running on port: 3002","service":"post-service","timestamp":"2025-01-14T15:58:28.484Z"}
{"level":"info","message":"Connected to mongodb","service":"post-service","timestamp":"2025-01-14T15:58:34.364Z"}
{"level":"info","message":"Post Service running on port: 3002","service":"post-service","timestamp":"2025-01-14T15:58:53.608Z"}
{"level":"info","message":"Connected to mongodb","service":"post-service","timestamp":"2025-01-14T15:58:54.050Z"}
{"level":"info","message":"Received Request Method GET to url /api/posts/67867661efeb9e4a8be38e97 of body => [object Object] ","service":"post-service","timestamp":"2025-01-14T16:00:10.134Z"}
{"level":"info","message":"Received Request Method GET to url /api/posts/67867661efeb9e4a8be38e97 of body => [object Object] ","service":"post-service","timestamp":"2025-01-14T16:01:36.358Z"}
{"level":"info","message":"Received Request Method GET to url /api/posts/67867661efeb9e4a8be38e97 of body => [object Object] ","service":"post-service","timestamp":"2025-01-14T16:01:37.964Z"}
{"level":"info","message":"Received Request Method GET to url /api/posts/67867661efeb9e4a8be38e97 of body => [object Object] ","service":"post-service","timestamp":"2025-01-14T16:01:44.988Z"}
{"level":"info","message":"Received Request Method GET to url /api/posts/67867661efeb9e4a8be38e97 of body => [object Object] ","service":"post-service","timestamp":"2025-01-14T16:01:46.547Z"}
{"level":"info","message":"Received Request Method GET to url /api/posts/67867661efeb9e4a8be38e97 of body => [object Object] ","service":"post-service","timestamp":"2025-01-14T16:01:47.902Z"}
{"level":"info","message":"Received Request Method GET to url /api/posts/67867661efeb9e4a8be38e97 of body => [object Object] ","service":"post-service","timestamp":"2025-01-14T16:01:49.121Z"}
{"level":"info","message":"Received Request Method GET to url /api/posts/67867661efeb9e4a8be38e97 of body => [object Object] ","service":"post-service","timestamp":"2025-01-14T16:01:50.345Z"}
{"level":"info","message":"Received Request Method GET to url /api/posts/67867661efeb9e4a8be38e97 of body => [object Object] ","service":"post-service","timestamp":"2025-01-14T16:01:51.699Z"}
{"level":"info","message":"Post Service running on port: 3002","service":"post-service","timestamp":"2025-01-14T16:02:52.791Z"}
{"level":"info","message":"Connected to mongodb","service":"post-service","timestamp":"2025-01-14T16:02:53.373Z"}
{"level":"info","message":"Received Request Method GET to url /api/posts/67867661efeb9e4a8be38e97 of body => [object Object] ","service":"post-service","timestamp":"2025-01-14T16:03:07.105Z"}
{"level":"info","message":"Post Service running on port: 3002","service":"post-service","timestamp":"2025-01-14T16:05:08.870Z"}
{"level":"info","message":"Connected to mongodb","service":"post-service","timestamp":"2025-01-14T16:05:09.637Z"}
{"level":"info","message":"Post Service running on port: 3002","service":"post-service","timestamp":"2025-01-14T16:06:16.722Z"}
{"level":"info","message":"Connected to mongodb","service":"post-service","timestamp":"2025-01-14T16:06:18.373Z"}
{"level":"info","message":"Post Service running on port: 3002","service":"post-service","timestamp":"2025-01-14T16:07:12.019Z"}
{"level":"info","message":"Connected to mongodb","service":"post-service","timestamp":"2025-01-14T16:07:12.800Z"}
{"level":"info","message":"Post Service running on port: 3002","service":"post-service","timestamp":"2025-01-14T16:08:06.248Z"}
{"level":"info","message":"Connected to mongodb","service":"post-service","timestamp":"2025-01-14T16:08:06.752Z"}
{"level":"info","message":"Post Service running on port: 3002","service":"post-service","timestamp":"2025-01-14T16:09:30.861Z"}
{"level":"info","message":"Connected to mongodb","service":"post-service","timestamp":"2025-01-14T16:09:31.542Z"}
{"level":"info","message":"Post Service running on port: 3002","service":"post-service","timestamp":"2025-01-14T16:09:38.276Z"}
{"level":"info","message":"Connected to mongodb","service":"post-service","timestamp":"2025-01-14T16:09:38.658Z"}
{"level":"info","message":"Post Service running on port: 3002","service":"post-service","timestamp":"2025-01-14T16:11:04.338Z"}
{"level":"info","message":"Connected to mongodb","service":"post-service","timestamp":"2025-01-14T16:11:04.936Z"}
{"level":"info","message":"Post Service running on port: 3002","service":"post-service","timestamp":"2025-01-14T16:11:13.669Z"}
{"level":"info","message":"Connected to mongodb","service":"post-service","timestamp":"2025-01-14T16:11:14.084Z"}
{"level":"info","message":"Post Service running on port: 3002","service":"post-service","timestamp":"2025-01-14T16:13:31.141Z"}
{"level":"info","message":"Connected to mongodb","service":"post-service","timestamp":"2025-01-14T16:13:31.912Z"}
{"level":"info","message":"Post Service running on port: 3002","service":"post-service","timestamp":"2025-01-14T16:13:48.801Z"}
{"level":"info","message":"Connected to mongodb","service":"post-service","timestamp":"2025-01-14T16:13:49.181Z"}
{"level":"info","message":"Post Service running on port: 3002","service":"post-service","timestamp":"2025-01-14T16:14:05.079Z"}
{"level":"info","message":"Connected to mongodb","service":"post-service","timestamp":"2025-01-14T16:14:05.512Z"}
{"level":"info","message":"Received Request Method DELETE to url /api/posts/67867661efeb9e4a8be38e97 of body => [object Object] ","service":"post-service","timestamp":"2025-01-14T16:14:17.074Z"}
{"level":"info","message":"Post Service running on port: 3002","service":"post-service","timestamp":"2025-01-16T12:06:59.590Z"}
{"level":"info","message":"Connected to mongodb","service":"post-service","timestamp":"2025-01-16T12:07:00.233Z"}
{"level":"info","message":"Post Service running on port: 3002","service":"post-service","timestamp":"2025-01-16T15:21:37.423Z"}
{"level":"info","message":"Connected to mongodb","service":"post-service","timestamp":"2025-01-16T15:21:39.269Z"}
{"level":"info","message":"Post Service running on port: 3002","service":"post-service","timestamp":"2025-01-16T15:23:22.759Z"}
{"level":"info","message":"Connected to mongodb","service":"post-service","timestamp":"2025-01-16T15:23:23.400Z"}
{"level":"info","message":"Post Service running on port: 3002","service":"post-service","timestamp":"2025-01-16T15:25:07.391Z"}
{"level":"info","message":"Connected to mongodb","service":"post-service","timestamp":"2025-01-16T15:25:07.920Z"}
{"level":"info","message":"Post Service running on port: 3002","service":"post-service","timestamp":"2025-01-16T15:25:24.956Z"}
{"level":"info","message":"Connected to mongodb","service":"post-service","timestamp":"2025-01-16T15:25:25.385Z"}
{"level":"info","message":"Post Service running on port: 3002","service":"post-service","timestamp":"2025-01-16T15:27:20.731Z"}
{"level":"info","message":"Connected to mongodb","service":"post-service","timestamp":"2025-01-16T15:27:21.535Z"}
{"level":"info","message":"Post Service running on port: 3002","service":"post-service","timestamp":"2025-01-16T15:28:25.424Z"}
{"level":"info","message":"Connected to mongodb","service":"post-service","timestamp":"2025-01-16T15:28:25.967Z"}
{"level":"info","message":"Post Service running on port: 3002","service":"post-service","timestamp":"2025-01-16T15:31:38.128Z"}
{"level":"info","message":"Connected to mongodb","service":"post-service","timestamp":"2025-01-16T15:31:38.965Z"}
{"level":"info","message":"Post Service running on port: 3002","service":"post-service","timestamp":"2025-01-16T15:32:15.125Z"}
{"level":"info","message":"Connected to mongodb","service":"post-service","timestamp":"2025-01-16T15:32:16.761Z"}
{"level":"info","message":"Post Service running on port: 3002","service":"post-service","timestamp":"2025-01-16T15:32:39.128Z"}
{"level":"info","message":"Connected to mongodb","service":"post-service","timestamp":"2025-01-16T15:32:39.629Z"}
{"level":"info","message":"Connected to mongodb","service":"post-service","timestamp":"2025-01-16T15:35:50.948Z"}
{"level":"info","message":"Connected to rabbit mq ","service":"post-service","timestamp":"2025-01-16T15:36:53.978Z"}
{"level":"info","message":"Post Service running on port: 3002","service":"post-service","timestamp":"2025-01-16T15:36:53.983Z"}
{"level":"info","message":"Connected to mongodb","service":"post-service","timestamp":"2025-01-16T15:36:54.631Z"}
{"level":"info","message":"Connected to rabbit mq ","service":"post-service","timestamp":"2025-01-16T15:37:18.084Z"}
{"level":"info","message":"Post Service running on port: 3002","service":"post-service","timestamp":"2025-01-16T15:37:18.088Z"}
{"level":"info","message":"Connected to mongodb","service":"post-service","timestamp":"2025-01-16T15:37:18.674Z"}
{"level":"info","message":"Connected to rabbit mq ","service":"post-service","timestamp":"2025-01-19T04:32:50.271Z"}
{"level":"info","message":"Post Service running on port: 3002","service":"post-service","timestamp":"2025-01-19T04:32:50.276Z"}
{"level":"info","message":"Connected to mongodb","service":"post-service","timestamp":"2025-01-19T04:32:50.835Z"}
{"level":"info","message":"Connected to rabbit mq ","service":"post-service","timestamp":"2025-01-19T04:36:22.008Z"}
{"level":"info","message":"Post Service running on port: 3002","service":"post-service","timestamp":"2025-01-19T04:36:22.014Z"}
{"level":"info","message":"Connected to mongodb","service":"post-service","timestamp":"2025-01-19T04:36:22.566Z"}
{"level":"info","message":"Connected to rabbit mq ","service":"post-service","timestamp":"2025-01-19T04:37:05.693Z"}
{"level":"info","message":"Post Service running on port: 3002","service":"post-service","timestamp":"2025-01-19T04:37:05.697Z"}
{"level":"info","message":"Connected to mongodb","service":"post-service","timestamp":"2025-01-19T04:37:06.063Z"}
{"level":"info","message":"Connected to rabbit mq ","service":"post-service","timestamp":"2025-01-19T04:37:22.864Z"}
{"level":"info","message":"Post Service running on port: 3002","service":"post-service","timestamp":"2025-01-19T04:37:22.870Z"}
{"level":"info","message":"Connected to mongodb","service":"post-service","timestamp":"2025-01-19T04:37:23.252Z"}
