{"level":"info","message":"User Service running on port: 3001","service":"user-service","timestamp":"2025-01-11T09:56:50.857Z"}
{"code":"ENOTFOUND","hostname":"_mongodb._tcp.cluster1.c939uly.mongodb.net","level":"error","message":"Mongodb connection error querySrv ENOTFOUND _mongodb._tcp.cluster1.c939uly.mongodb.net","service":"user-service","stack":"Error: querySrv ENOTFOUND _mongodb._tcp.cluster1.c939uly.mongodb.net\n    at QueryReqWrap.onresolve [as oncomplete] (node:internal/dns/promises:252:17)","syscall":"querySrv","timestamp":"2025-01-11T09:56:54.931Z"}
{"level":"info","message":"User Service running on port: 3001","service":"user-service","timestamp":"2025-01-11T10:29:57.713Z"}
{"code":"ENOTFOUND","hostname":"_mongodb._tcp.cluster1.c939uly.mongodb.net","level":"error","message":"Mongodb connection error querySrv ENOTFOUND _mongodb._tcp.cluster1.c939uly.mongodb.net","service":"user-service","stack":"Error: querySrv ENOTFOUND _mongodb._tcp.cluster1.c939uly.mongodb.net\n    at QueryReqWrap.onresolve [as oncomplete] (node:internal/dns/promises:252:17)","syscall":"querySrv","timestamp":"2025-01-11T10:29:58.619Z"}
{"level":"info","message":"User Service running on port: 3001","service":"user-service","timestamp":"2025-01-11T10:38:38.067Z"}
{"code":8000,"codeName":"AtlasError","connectionGeneration":0,"errorResponse":{"code":8000,"codeName":"AtlasError","errmsg":"bad auth : authentication failed","ok":0},"level":"error","message":"Mongodb connection error bad auth : authentication failed","ok":0,"service":"user-service","stack":"MongoServerError: bad auth : authentication failed\n    at Connection.sendCommand (D:\\VisualStudioCode\\social-media-node-ms\\user-service\\node_modules\\mongodb\\lib\\cmap\\connection.js:296:27)\n    at process.processTicksAndRejections (node:internal/process/task_queues:95:5)\n    at async Connection.command (D:\\VisualStudioCode\\social-media-node-ms\\user-service\\node_modules\\mongodb\\lib\\cmap\\connection.js:323:26)\n    at async continueScramConversation (D:\\VisualStudioCode\\social-media-node-ms\\user-service\\node_modules\\mongodb\\lib\\cmap\\auth\\scram.js:131:15)\n    at async executeScram (D:\\VisualStudioCode\\social-media-node-ms\\user-service\\node_modules\\mongodb\\lib\\cmap\\auth\\scram.js:80:5)\n    at async ScramSHA1.auth (D:\\VisualStudioCode\\social-media-node-ms\\user-service\\node_modules\\mongodb\\lib\\cmap\\auth\\scram.js:39:16)\n    at async performInitialHandshake (D:\\VisualStudioCode\\social-media-node-ms\\user-service\\node_modules\\mongodb\\lib\\cmap\\connect.js:104:13)\n    at async connect (D:\\VisualStudioCode\\social-media-node-ms\\user-service\\node_modules\\mongodb\\lib\\cmap\\connect.js:24:9)","timestamp":"2025-01-11T10:38:38.704Z"}
{"level":"info","message":"User Service running on port: 3001","service":"user-service","timestamp":"2025-01-11T10:42:30.997Z"}
{"level":"info","message":"Connected to mongodb","service":"user-service","timestamp":"2025-01-11T10:42:31.505Z"}
{"level":"info","message":"Received Request Method POST to url /api/auth/register of body => [object Object] ","service":"user-service","timestamp":"2025-01-11T11:13:04.138Z"}
{"email":"demo@example.com","level":"info","message":"Registration for user ","password":"S@rt0n1n","service":"user-service","timestamp":"2025-01-11T11:13:04.167Z","username":"demo_user"}
{"buffer":{"data":[103,130,82,64,75,81,188,120,170,139,221,10],"type":"Buffer"},"level":"info","message":"User saved successfully ","service":"user-service","timestamp":"2025-01-11T11:13:04.353Z"}
{"level":"error","message":"Registration error occured date is not defined","service":"user-service","stack":"ReferenceError: date is not defined\n    at generateToken (D:\\VisualStudioCode\\social-media-node-ms\\user-service\\src\\utils\\generateToken.js:16:21)\n    at registerUser (D:\\VisualStudioCode\\social-media-node-ms\\user-service\\src\\controllers\\userController.js:35:49)\n    at process.processTicksAndRejections (node:internal/process/task_queues:95:5)","timestamp":"2025-01-11T11:13:04.357Z"}
{"0":"r","1":"e","2":"a","3":"s","4":"o","5":"n","6":":","code":"ERR_HTTP_HEADERS_SENT","level":"error","message":"Unhandled rejection at","service":"user-service","timestamp":"2025-01-11T11:13:04.359Z"}
{"level":"info","message":"Received Request Method POST to url /api/auth/register of body => [object Object] ","service":"user-service","timestamp":"2025-01-11T11:13:12.869Z"}
{"email":"demo@example.com","level":"info","message":"Registration for user ","password":"S@rt0n1n","service":"user-service","timestamp":"2025-01-11T11:13:12.872Z","username":"demo_user"}
{"level":"error","message":"Registration error occured Cannot read properties of undefined (reading 'details')","service":"user-service","stack":"TypeError: Cannot read properties of undefined (reading 'details')\n    at registerUser (D:\\VisualStudioCode\\social-media-node-ms\\user-service\\src\\controllers\\userController.js:23:49)\n    at process.processTicksAndRejections (node:internal/process/task_queues:95:5)","timestamp":"2025-01-11T11:13:12.902Z"}
{"0":"r","1":"e","2":"a","3":"s","4":"o","5":"n","6":":","code":"ERR_HTTP_HEADERS_SENT","level":"error","message":"Unhandled rejection at","service":"user-service","timestamp":"2025-01-11T11:13:12.904Z"}
{"level":"info","message":"Received Request Method POST to url /api/auth/register of body => [object Object] ","service":"user-service","timestamp":"2025-01-11T11:14:43.472Z"}
{"email":"demo@example.com","level":"info","message":"Registration for user ","password":"S@rt0n1n","service":"user-service","timestamp":"2025-01-11T11:14:43.477Z","username":"demo_user"}
{"level":"error","message":"Registration error occured Cannot read properties of undefined (reading 'details')","service":"user-service","stack":"TypeError: Cannot read properties of undefined (reading 'details')\n    at registerUser (D:\\VisualStudioCode\\social-media-node-ms\\user-service\\src\\controllers\\userController.js:23:49)\n    at process.processTicksAndRejections (node:internal/process/task_queues:95:5)","timestamp":"2025-01-11T11:14:43.509Z"}
{"0":"r","1":"e","2":"a","3":"s","4":"o","5":"n","6":":","code":"ERR_HTTP_HEADERS_SENT","level":"error","message":"Unhandled rejection at","service":"user-service","timestamp":"2025-01-11T11:14:43.510Z"}
{"level":"info","message":"User Service running on port: 3001","service":"user-service","timestamp":"2025-01-11T11:18:28.107Z"}
{"level":"info","message":"Connected to mongodb","service":"user-service","timestamp":"2025-01-11T11:18:28.674Z"}
{"level":"info","message":"Received Request Method POST to url /api/auth/register of body => [object Object] ","service":"user-service","timestamp":"2025-01-11T11:18:32.451Z"}
{"level":"info","message":"Registration for user ","service":"user-service","timestamp":"2025-01-11T11:18:32.460Z"}
{"level":"error","message":"Registration error occured Cannot read properties of undefined (reading 'details')","service":"user-service","stack":"TypeError: Cannot read properties of undefined (reading 'details')\n    at registerUser (D:\\VisualStudioCode\\social-media-node-ms\\user-service\\src\\controllers\\userController.js:23:49)\n    at process.processTicksAndRejections (node:internal/process/task_queues:95:5)","timestamp":"2025-01-11T11:18:32.501Z"}
{"0":"r","1":"e","2":"a","3":"s","4":"o","5":"n","6":":","code":"ERR_HTTP_HEADERS_SENT","level":"error","message":"Unhandled rejection at","service":"user-service","timestamp":"2025-01-11T11:18:32.504Z"}
{"level":"info","message":"User Service running on port: 3001","service":"user-service","timestamp":"2025-01-11T11:27:12.118Z"}
{"level":"info","message":"Connected to mongodb","service":"user-service","timestamp":"2025-01-11T11:27:12.647Z"}
{"level":"info","message":"Received Request Method POST to url /api/auth/register of body => [object Object] ","service":"user-service","timestamp":"2025-01-11T11:27:17.868Z"}
{"level":"info","message":"Registration for user ","service":"user-service","timestamp":"2025-01-11T11:27:17.892Z"}
{"level":"warn","message":"User already exists ","service":"user-service","timestamp":"2025-01-11T11:27:17.939Z"}
{"code":"ERR_HTTP_HEADERS_SENT","level":"error","message":"Registration error occured Cannot set headers after they are sent to the client","service":"user-service","stack":"Error [ERR_HTTP_HEADERS_SENT]: Cannot set headers after they are sent to the client\n    at new NodeError (node:internal/errors:405:5)\n    at ServerResponse.setHeader (node:_http_outgoing:648:11)\n    at ServerResponse.header (D:\\VisualStudioCode\\social-media-node-ms\\user-service\\node_modules\\express\\lib\\response.js:794:10)\n    at ServerResponse.send (D:\\VisualStudioCode\\social-media-node-ms\\user-service\\node_modules\\express\\lib\\response.js:174:12)\n    at ServerResponse.json (D:\\VisualStudioCode\\social-media-node-ms\\user-service\\node_modules\\express\\lib\\response.js:278:15)\n    at registerUser (D:\\VisualStudioCode\\social-media-node-ms\\user-service\\src\\controllers\\userController.js:26:10)\n    at process.processTicksAndRejections (node:internal/process/task_queues:95:5)","timestamp":"2025-01-11T11:27:17.941Z"}
{"0":"r","1":"e","2":"a","3":"s","4":"o","5":"n","6":":","code":"ERR_HTTP_HEADERS_SENT","level":"error","message":"Unhandled rejection at","service":"user-service","timestamp":"2025-01-11T11:27:17.944Z"}
{"level":"info","message":"Received Request Method POST to url /api/auth/register of body => [object Object] ","service":"user-service","timestamp":"2025-01-11T11:28:48.153Z"}
{"level":"info","message":"Registration for user ","service":"user-service","timestamp":"2025-01-11T11:28:48.156Z"}
{"level":"warn","message":"User already exists ","service":"user-service","timestamp":"2025-01-11T11:28:48.186Z"}
{"code":"ERR_HTTP_HEADERS_SENT","level":"error","message":"Registration error occured Cannot set headers after they are sent to the client","service":"user-service","stack":"Error [ERR_HTTP_HEADERS_SENT]: Cannot set headers after they are sent to the client\n    at new NodeError (node:internal/errors:405:5)\n    at ServerResponse.setHeader (node:_http_outgoing:648:11)\n    at ServerResponse.header (D:\\VisualStudioCode\\social-media-node-ms\\user-service\\node_modules\\express\\lib\\response.js:794:10)\n    at ServerResponse.send (D:\\VisualStudioCode\\social-media-node-ms\\user-service\\node_modules\\express\\lib\\response.js:174:12)\n    at ServerResponse.json (D:\\VisualStudioCode\\social-media-node-ms\\user-service\\node_modules\\express\\lib\\response.js:278:15)\n    at registerUser (D:\\VisualStudioCode\\social-media-node-ms\\user-service\\src\\controllers\\userController.js:26:10)\n    at process.processTicksAndRejections (node:internal/process/task_queues:95:5)","timestamp":"2025-01-11T11:28:48.187Z"}
{"0":"r","1":"e","2":"a","3":"s","4":"o","5":"n","6":":","code":"ERR_HTTP_HEADERS_SENT","level":"error","message":"Unhandled rejection at","service":"user-service","timestamp":"2025-01-11T11:28:48.190Z"}
{"level":"info","message":"Received Request Method POST to url /api/auth/register of body => [object Object] ","service":"user-service","timestamp":"2025-01-11T11:34:30.963Z"}
{"level":"info","message":"Registration for user ","service":"user-service","timestamp":"2025-01-11T11:34:30.968Z"}
{"buffer":{"data":[103,130,87,71,80,28,197,166,64,198,141,187],"type":"Buffer"},"level":"info","message":"User saved successfully ","service":"user-service","timestamp":"2025-01-11T11:34:31.235Z"}
{"level":"error","message":"Registration error occured date is not defined","service":"user-service","stack":"ReferenceError: date is not defined\n    at generateToken (D:\\VisualStudioCode\\social-media-node-ms\\user-service\\src\\utils\\generateToken.js:16:21)\n    at registerUser (D:\\VisualStudioCode\\social-media-node-ms\\user-service\\src\\controllers\\userController.js:35:49)\n    at process.processTicksAndRejections (node:internal/process/task_queues:95:5)","timestamp":"2025-01-11T11:34:31.247Z"}
{"0":"r","1":"e","2":"a","3":"s","4":"o","5":"n","6":":","code":"ERR_HTTP_HEADERS_SENT","level":"error","message":"Unhandled rejection at","service":"user-service","timestamp":"2025-01-11T11:34:31.251Z"}
{"level":"info","message":"User Service running on port: 3001","service":"user-service","timestamp":"2025-01-11T11:39:27.834Z"}
{"level":"info","message":"Connected to mongodb","service":"user-service","timestamp":"2025-01-11T11:39:28.306Z"}
{"level":"info","message":"Received Request Method POST to url /api/auth/register of body => [object Object] ","service":"user-service","timestamp":"2025-01-11T11:39:35.278Z"}
{"level":"info","message":"Registration for user ","service":"user-service","timestamp":"2025-01-11T11:39:35.285Z"}
{"level":"warn","message":"User already exists ","service":"user-service","timestamp":"2025-01-11T11:39:35.329Z"}
{"code":"ERR_HTTP_HEADERS_SENT","level":"error","message":"Registration error occured Cannot set headers after they are sent to the client","service":"user-service","stack":"Error [ERR_HTTP_HEADERS_SENT]: Cannot set headers after they are sent to the client\n    at new NodeError (node:internal/errors:405:5)\n    at ServerResponse.setHeader (node:_http_outgoing:648:11)\n    at ServerResponse.header (D:\\VisualStudioCode\\social-media-node-ms\\user-service\\node_modules\\express\\lib\\response.js:794:10)\n    at ServerResponse.send (D:\\VisualStudioCode\\social-media-node-ms\\user-service\\node_modules\\express\\lib\\response.js:174:12)\n    at ServerResponse.json (D:\\VisualStudioCode\\social-media-node-ms\\user-service\\node_modules\\express\\lib\\response.js:278:15)\n    at registerUser (D:\\VisualStudioCode\\social-media-node-ms\\user-service\\src\\controllers\\userController.js:26:10)\n    at process.processTicksAndRejections (node:internal/process/task_queues:95:5)","timestamp":"2025-01-11T11:39:35.331Z"}
{"0":"r","1":"e","2":"a","3":"s","4":"o","5":"n","6":":","code":"ERR_HTTP_HEADERS_SENT","level":"error","message":"Unhandled rejection at","service":"user-service","timestamp":"2025-01-11T11:39:35.334Z"}
{"level":"info","message":"User Service running on port: 3001","service":"user-service","timestamp":"2025-01-11T11:40:09.350Z"}
{"level":"info","message":"Connected to mongodb","service":"user-service","timestamp":"2025-01-11T11:40:09.891Z"}
{"level":"info","message":"Received Request Method POST to url /api/auth/register of body => [object Object] ","service":"user-service","timestamp":"2025-01-11T11:40:13.332Z"}
{"level":"info","message":"Registration for user ","service":"user-service","timestamp":"2025-01-11T11:40:13.341Z"}
{"level":"warn","message":"User already exists ","service":"user-service","timestamp":"2025-01-11T11:40:13.383Z"}
{"code":"ERR_HTTP_HEADERS_SENT","level":"error","message":"Registration error occured Cannot set headers after they are sent to the client","service":"user-service","stack":"Error [ERR_HTTP_HEADERS_SENT]: Cannot set headers after they are sent to the client\n    at new NodeError (node:internal/errors:405:5)\n    at ServerResponse.setHeader (node:_http_outgoing:648:11)\n    at ServerResponse.header (D:\\VisualStudioCode\\social-media-node-ms\\user-service\\node_modules\\express\\lib\\response.js:794:10)\n    at ServerResponse.send (D:\\VisualStudioCode\\social-media-node-ms\\user-service\\node_modules\\express\\lib\\response.js:174:12)\n    at ServerResponse.json (D:\\VisualStudioCode\\social-media-node-ms\\user-service\\node_modules\\express\\lib\\response.js:278:15)\n    at registerUser (D:\\VisualStudioCode\\social-media-node-ms\\user-service\\src\\controllers\\userController.js:26:10)\n    at process.processTicksAndRejections (node:internal/process/task_queues:95:5)","timestamp":"2025-01-11T11:40:13.385Z"}
{"0":"r","1":"e","2":"a","3":"s","4":"o","5":"n","6":":","code":"ERR_HTTP_HEADERS_SENT","level":"error","message":"Unhandled rejection at","service":"user-service","timestamp":"2025-01-11T11:40:13.389Z"}
{"level":"info","message":"User Service running on port: 3001","service":"user-service","timestamp":"2025-01-11T11:40:55.866Z"}
{"level":"info","message":"Connected to mongodb","service":"user-service","timestamp":"2025-01-11T11:40:56.319Z"}
{"level":"info","message":"Received Request Method POST to url /api/auth/register of body => [object Object] ","service":"user-service","timestamp":"2025-01-11T11:40:58.447Z"}
{"level":"info","message":"Registration for user ","service":"user-service","timestamp":"2025-01-11T11:40:58.455Z"}
{"level":"warn","message":"User already exists ","service":"user-service","timestamp":"2025-01-11T11:40:58.499Z"}
{"code":"ERR_HTTP_HEADERS_SENT","level":"error","message":"Registration error occured Cannot set headers after they are sent to the client","service":"user-service","stack":"Error [ERR_HTTP_HEADERS_SENT]: Cannot set headers after they are sent to the client\n    at new NodeError (node:internal/errors:405:5)\n    at ServerResponse.setHeader (node:_http_outgoing:648:11)\n    at ServerResponse.header (D:\\VisualStudioCode\\social-media-node-ms\\user-service\\node_modules\\express\\lib\\response.js:794:10)\n    at ServerResponse.send (D:\\VisualStudioCode\\social-media-node-ms\\user-service\\node_modules\\express\\lib\\response.js:174:12)\n    at ServerResponse.json (D:\\VisualStudioCode\\social-media-node-ms\\user-service\\node_modules\\express\\lib\\response.js:278:15)\n    at registerUser (D:\\VisualStudioCode\\social-media-node-ms\\user-service\\src\\controllers\\userController.js:26:10)\n    at process.processTicksAndRejections (node:internal/process/task_queues:95:5)","timestamp":"2025-01-11T11:40:58.502Z"}
{"0":"r","1":"e","2":"a","3":"s","4":"o","5":"n","6":":","code":"ERR_HTTP_HEADERS_SENT","level":"error","message":"Unhandled rejection at","service":"user-service","timestamp":"2025-01-11T11:40:58.506Z"}
{"level":"info","message":"User Service running on port: 3001","service":"user-service","timestamp":"2025-01-11T11:41:14.414Z"}
{"level":"info","message":"Connected to mongodb","service":"user-service","timestamp":"2025-01-11T11:41:14.816Z"}
{"level":"info","message":"User Service running on port: 3001","service":"user-service","timestamp":"2025-01-11T11:41:20.838Z"}
{"level":"info","message":"Connected to mongodb","service":"user-service","timestamp":"2025-01-11T11:41:21.265Z"}
{"level":"info","message":"Received Request Method POST to url /api/auth/register of body => [object Object] ","service":"user-service","timestamp":"2025-01-11T11:41:27.703Z"}
{"level":"info","message":"Registration for user ","service":"user-service","timestamp":"2025-01-11T11:41:27.713Z"}
{"level":"warn","message":"User already exists ","service":"user-service","timestamp":"2025-01-11T11:41:27.759Z"}
{"code":"ERR_HTTP_HEADERS_SENT","level":"error","message":"Registration error occured Cannot set headers after they are sent to the client","service":"user-service","stack":"Error [ERR_HTTP_HEADERS_SENT]: Cannot set headers after they are sent to the client\n    at new NodeError (node:internal/errors:405:5)\n    at ServerResponse.setHeader (node:_http_outgoing:648:11)\n    at ServerResponse.header (D:\\VisualStudioCode\\social-media-node-ms\\user-service\\node_modules\\express\\lib\\response.js:794:10)\n    at ServerResponse.send (D:\\VisualStudioCode\\social-media-node-ms\\user-service\\node_modules\\express\\lib\\response.js:174:12)\n    at ServerResponse.json (D:\\VisualStudioCode\\social-media-node-ms\\user-service\\node_modules\\express\\lib\\response.js:278:15)\n    at registerUser (D:\\VisualStudioCode\\social-media-node-ms\\user-service\\src\\controllers\\userController.js:26:10)\n    at process.processTicksAndRejections (node:internal/process/task_queues:95:5)","timestamp":"2025-01-11T11:41:27.761Z"}
{"0":"r","1":"e","2":"a","3":"s","4":"o","5":"n","6":":","code":"ERR_HTTP_HEADERS_SENT","level":"error","message":"Unhandled rejection at","service":"user-service","timestamp":"2025-01-11T11:41:27.763Z"}
{"level":"info","message":"User Service running on port: 3001","service":"user-service","timestamp":"2025-01-11T11:41:41.953Z"}
{"level":"info","message":"Connected to mongodb","service":"user-service","timestamp":"2025-01-11T11:41:42.379Z"}
{"level":"info","message":"Received Request Method POST to url /api/auth/register of body => [object Object] ","service":"user-service","timestamp":"2025-01-11T11:41:48.661Z"}
{"level":"info","message":"Registration for user ","service":"user-service","timestamp":"2025-01-11T11:41:48.669Z"}
{"level":"warn","message":"User already exists ","service":"user-service","timestamp":"2025-01-11T11:41:48.710Z"}
{"code":"ERR_HTTP_HEADERS_SENT","level":"error","message":"Registration error occured Cannot set headers after they are sent to the client","service":"user-service","stack":"Error [ERR_HTTP_HEADERS_SENT]: Cannot set headers after they are sent to the client\n    at new NodeError (node:internal/errors:405:5)\n    at ServerResponse.setHeader (node:_http_outgoing:648:11)\n    at ServerResponse.header (D:\\VisualStudioCode\\social-media-node-ms\\user-service\\node_modules\\express\\lib\\response.js:794:10)\n    at ServerResponse.send (D:\\VisualStudioCode\\social-media-node-ms\\user-service\\node_modules\\express\\lib\\response.js:174:12)\n    at ServerResponse.json (D:\\VisualStudioCode\\social-media-node-ms\\user-service\\node_modules\\express\\lib\\response.js:278:15)\n    at registerUser (D:\\VisualStudioCode\\social-media-node-ms\\user-service\\src\\controllers\\userController.js:26:10)\n    at process.processTicksAndRejections (node:internal/process/task_queues:95:5)","timestamp":"2025-01-11T11:41:48.712Z"}
{"0":"r","1":"e","2":"a","3":"s","4":"o","5":"n","6":":","code":"ERR_HTTP_HEADERS_SENT","level":"error","message":"Unhandled rejection at","service":"user-service","timestamp":"2025-01-11T11:41:48.715Z"}
{"level":"info","message":"User Service running on port: 3001","service":"user-service","timestamp":"2025-01-11T11:42:13.943Z"}
{"level":"info","message":"Connected to mongodb","service":"user-service","timestamp":"2025-01-11T11:42:14.621Z"}
{"level":"info","message":"Received Request Method POST to url /api/auth/register of body => [object Object] ","service":"user-service","timestamp":"2025-01-11T11:42:17.001Z"}
{"level":"info","message":"Registration for user ","service":"user-service","timestamp":"2025-01-11T11:42:17.003Z"}
{"level":"warn","message":"User already exists ","service":"user-service","timestamp":"2025-01-11T11:42:17.080Z"}
{"level":"info","message":"User Service running on port: 3001","service":"user-service","timestamp":"2025-01-11T11:42:29.040Z"}
{"level":"info","message":"Connected to mongodb","service":"user-service","timestamp":"2025-01-11T11:42:29.431Z"}
{"level":"info","message":"Received Request Method POST to url /api/auth/register of body => [object Object] ","service":"user-service","timestamp":"2025-01-11T11:42:31.663Z"}
{"level":"info","message":"Registration for user ","service":"user-service","timestamp":"2025-01-11T11:42:31.670Z"}
{"level":"warn","message":"User already exists ","service":"user-service","timestamp":"2025-01-11T11:42:31.714Z"}
{"code":"ERR_HTTP_HEADERS_SENT","level":"error","message":"Registration error occured Cannot set headers after they are sent to the client","service":"user-service","stack":"Error [ERR_HTTP_HEADERS_SENT]: Cannot set headers after they are sent to the client\n    at new NodeError (node:internal/errors:405:5)\n    at ServerResponse.setHeader (node:_http_outgoing:648:11)\n    at ServerResponse.header (D:\\VisualStudioCode\\social-media-node-ms\\user-service\\node_modules\\express\\lib\\response.js:794:10)\n    at ServerResponse.send (D:\\VisualStudioCode\\social-media-node-ms\\user-service\\node_modules\\express\\lib\\response.js:174:12)\n    at ServerResponse.json (D:\\VisualStudioCode\\social-media-node-ms\\user-service\\node_modules\\express\\lib\\response.js:278:15)\n    at registerUser (D:\\VisualStudioCode\\social-media-node-ms\\user-service\\src\\controllers\\userController.js:26:10)\n    at process.processTicksAndRejections (node:internal/process/task_queues:95:5)","timestamp":"2025-01-11T11:42:31.716Z"}
{"0":"r","1":"e","2":"a","3":"s","4":"o","5":"n","6":":","code":"ERR_HTTP_HEADERS_SENT","level":"error","message":"Unhandled rejection at","service":"user-service","timestamp":"2025-01-11T11:42:31.719Z"}
{"level":"info","message":"User Service running on port: 3001","service":"user-service","timestamp":"2025-01-11T11:43:20.770Z"}
{"level":"info","message":"Connected to mongodb","service":"user-service","timestamp":"2025-01-11T11:43:21.441Z"}
{"level":"info","message":"User Service running on port: 3001","service":"user-service","timestamp":"2025-01-11T11:43:36.634Z"}
{"level":"info","message":"Connected to mongodb","service":"user-service","timestamp":"2025-01-11T11:43:37.023Z"}
{"level":"info","message":"Received Request Method POST to url /api/auth/register of body => [object Object] ","service":"user-service","timestamp":"2025-01-13T07:45:09.292Z"}
{"level":"info","message":"Registration for user ","service":"user-service","timestamp":"2025-01-13T07:45:09.298Z"}
{"level":"warn","message":"User already exists ","service":"user-service","timestamp":"2025-01-13T07:45:09.779Z"}
{"level":"info","message":"User Service running on port: 3001","service":"user-service","timestamp":"2025-01-13T07:46:45.687Z"}
{"level":"info","message":"Connected to mongodb","service":"user-service","timestamp":"2025-01-13T07:46:46.302Z"}
{"level":"info","message":"Received Request Method POST to url /api/auth/register of body => [object Object] ","service":"user-service","timestamp":"2025-01-13T07:49:02.903Z"}
{"level":"info","message":"Registration for user ","service":"user-service","timestamp":"2025-01-13T07:49:02.923Z"}
{"level":"warn","message":"User already exists ","service":"user-service","timestamp":"2025-01-13T07:49:02.985Z"}
{"code":"ERR_HTTP_HEADERS_SENT","level":"error","message":"Registration error occured Cannot set headers after they are sent to the client","service":"user-service","stack":"Error [ERR_HTTP_HEADERS_SENT]: Cannot set headers after they are sent to the client\n    at new NodeError (node:internal/errors:405:5)\n    at ServerResponse.setHeader (node:_http_outgoing:648:11)\n    at ServerResponse.header (D:\\VisualStudioCode\\social-media-node-ms\\user-service\\node_modules\\express\\lib\\response.js:794:10)\n    at ServerResponse.send (D:\\VisualStudioCode\\social-media-node-ms\\user-service\\node_modules\\express\\lib\\response.js:174:12)\n    at ServerResponse.json (D:\\VisualStudioCode\\social-media-node-ms\\user-service\\node_modules\\express\\lib\\response.js:278:15)\n    at registerUser (D:\\VisualStudioCode\\social-media-node-ms\\user-service\\src\\controllers\\userController.js:26:10)\n    at process.processTicksAndRejections (node:internal/process/task_queues:95:5)","timestamp":"2025-01-13T07:49:02.987Z"}
{"0":"r","1":"e","2":"a","3":"s","4":"o","5":"n","6":":","code":"ERR_HTTP_HEADERS_SENT","level":"error","message":"Unhandled rejection at","service":"user-service","timestamp":"2025-01-13T07:49:02.994Z"}
{"level":"info","message":"User Service running on port: 3001","service":"user-service","timestamp":"2025-01-13T14:38:33.915Z"}
{"level":"info","message":"Connected to mongodb","service":"user-service","timestamp":"2025-01-13T14:38:34.516Z"}
{"level":"info","message":"User Service running on port: 3001","service":"user-service","timestamp":"2025-01-13T15:21:24.331Z"}
{"level":"info","message":"Connected to mongodb","service":"user-service","timestamp":"2025-01-13T15:21:24.977Z"}
{"level":"info","message":"Received Request Method POST to url /api/auth/register of body => [object Object] ","service":"user-service","timestamp":"2025-01-13T15:28:28.271Z"}
{"level":"info","message":"Registration for user ","service":"user-service","timestamp":"2025-01-13T15:28:28.283Z"}
{"buffer":{"data":[103,133,49,28,108,214,237,118,168,22,7,241],"type":"Buffer"},"level":"info","message":"User saved successfully ","service":"user-service","timestamp":"2025-01-13T15:28:28.545Z"}
{"level":"error","message":"Registration error occured date is not defined","service":"user-service","stack":"ReferenceError: date is not defined\n    at generateToken (D:\\VisualStudioCode\\social-media-node-ms\\user-service\\src\\utils\\generateToken.js:16:21)\n    at registerUser (D:\\VisualStudioCode\\social-media-node-ms\\user-service\\src\\controllers\\userController.js:35:49)\n    at process.processTicksAndRejections (node:internal/process/task_queues:95:5)","timestamp":"2025-01-13T15:28:28.554Z"}
{"0":"r","1":"e","2":"a","3":"s","4":"o","5":"n","6":":","code":"ERR_HTTP_HEADERS_SENT","level":"error","message":"Unhandled rejection at","service":"user-service","timestamp":"2025-01-13T15:28:28.559Z"}
{"level":"info","message":"Received Request Method POST to url /api/auth/register of body => [object Object] ","service":"user-service","timestamp":"2025-01-13T15:28:53.295Z"}
{"level":"info","message":"Registration for user ","service":"user-service","timestamp":"2025-01-13T15:28:53.298Z"}
{"level":"warn","message":"User already exists ","service":"user-service","timestamp":"2025-01-13T15:28:53.336Z"}
{"code":"ERR_HTTP_HEADERS_SENT","level":"error","message":"Registration error occured Cannot set headers after they are sent to the client","service":"user-service","stack":"Error [ERR_HTTP_HEADERS_SENT]: Cannot set headers after they are sent to the client\n    at new NodeError (node:internal/errors:405:5)\n    at ServerResponse.setHeader (node:_http_outgoing:648:11)\n    at ServerResponse.header (D:\\VisualStudioCode\\social-media-node-ms\\user-service\\node_modules\\express\\lib\\response.js:794:10)\n    at ServerResponse.send (D:\\VisualStudioCode\\social-media-node-ms\\user-service\\node_modules\\express\\lib\\response.js:174:12)\n    at ServerResponse.json (D:\\VisualStudioCode\\social-media-node-ms\\user-service\\node_modules\\express\\lib\\response.js:278:15)\n    at registerUser (D:\\VisualStudioCode\\social-media-node-ms\\user-service\\src\\controllers\\userController.js:26:10)\n    at process.processTicksAndRejections (node:internal/process/task_queues:95:5)","timestamp":"2025-01-13T15:28:53.337Z"}
{"0":"r","1":"e","2":"a","3":"s","4":"o","5":"n","6":":","code":"ERR_HTTP_HEADERS_SENT","level":"error","message":"Unhandled rejection at","service":"user-service","timestamp":"2025-01-13T15:28:53.342Z"}
{"level":"info","message":"User Service running on port: 3001","service":"user-service","timestamp":"2025-01-13T15:31:46.774Z"}
{"level":"info","message":"Connected to mongodb","service":"user-service","timestamp":"2025-01-13T15:31:47.308Z"}
{"level":"info","message":"Received Request Method POST to url /api/auth/register of body => [object Object] ","service":"user-service","timestamp":"2025-01-13T15:31:53.217Z"}
{"level":"info","message":"Registration endpoint hit...","service":"user-service","timestamp":"2025-01-13T15:31:53.226Z"}
{"level":"warn","message":"User already exists","service":"user-service","timestamp":"2025-01-13T15:31:53.272Z"}
{"code":"ERR_HTTP_HEADERS_SENT","level":"error","message":"Registration error occured Cannot set headers after they are sent to the client","service":"user-service","stack":"Error [ERR_HTTP_HEADERS_SENT]: Cannot set headers after they are sent to the client\n    at new NodeError (node:internal/errors:405:5)\n    at ServerResponse.setHeader (node:_http_outgoing:648:11)\n    at ServerResponse.header (D:\\VisualStudioCode\\social-media-node-ms\\user-service\\node_modules\\express\\lib\\response.js:794:10)\n    at ServerResponse.send (D:\\VisualStudioCode\\social-media-node-ms\\user-service\\node_modules\\express\\lib\\response.js:174:12)\n    at ServerResponse.json (D:\\VisualStudioCode\\social-media-node-ms\\user-service\\node_modules\\express\\lib\\response.js:278:15)\n    at registerUser (D:\\VisualStudioCode\\social-media-node-ms\\user-service\\src\\controllers\\userController.js:24:30)\n    at process.processTicksAndRejections (node:internal/process/task_queues:95:5)","timestamp":"2025-01-13T15:31:53.276Z"}
{"0":"r","1":"e","2":"a","3":"s","4":"o","5":"n","6":":","code":"ERR_HTTP_HEADERS_SENT","level":"error","message":"Unhandled rejection at","service":"user-service","timestamp":"2025-01-13T15:31:53.280Z"}
{"level":"info","message":"Received Request Method POST to url /api/auth/register of body => [object Object] ","service":"user-service","timestamp":"2025-01-13T15:32:01.129Z"}
{"level":"info","message":"Registration endpoint hit...","service":"user-service","timestamp":"2025-01-13T15:32:01.133Z"}
{"buffer":{"data":[103,133,49,241,0,82,251,52,70,226,78,67],"type":"Buffer"},"level":"warn","message":"User saved successfully","service":"user-service","timestamp":"2025-01-13T15:32:01.285Z"}
{"level":"error","message":"Registration error occured generateTokens is not defined","service":"user-service","stack":"ReferenceError: generateTokens is not defined\n    at registerUser (D:\\VisualStudioCode\\social-media-node-ms\\user-service\\src\\controllers\\userController.js:34:43)\n    at process.processTicksAndRejections (node:internal/process/task_queues:95:5)","timestamp":"2025-01-13T15:32:01.287Z"}
{"0":"r","1":"e","2":"a","3":"s","4":"o","5":"n","6":":","code":"ERR_HTTP_HEADERS_SENT","level":"error","message":"Unhandled rejection at","service":"user-service","timestamp":"2025-01-13T15:32:01.291Z"}
{"level":"info","message":"User Service running on port: 3001","service":"user-service","timestamp":"2025-01-13T15:48:28.084Z"}
{"level":"info","message":"Connected to mongodb","service":"user-service","timestamp":"2025-01-13T15:48:28.706Z"}
{"level":"info","message":"Received Request Method POST to url /api/auth/register of body => [object Object] ","service":"user-service","timestamp":"2025-01-13T15:48:35.842Z"}
{"level":"info","message":"Registration endpoint hit...","service":"user-service","timestamp":"2025-01-13T15:48:35.848Z"}
{"level":"warn","message":"User already exists","service":"user-service","timestamp":"2025-01-13T15:48:35.902Z"}
{"code":"ERR_HTTP_HEADERS_SENT","level":"error","message":"Registration error occured Cannot set headers after they are sent to the client","service":"user-service","stack":"Error [ERR_HTTP_HEADERS_SENT]: Cannot set headers after they are sent to the client\n    at new NodeError (node:internal/errors:405:5)\n    at ServerResponse.setHeader (node:_http_outgoing:648:11)\n    at ServerResponse.header (D:\\VisualStudioCode\\social-media-node-ms\\user-service\\node_modules\\express\\lib\\response.js:794:10)\n    at ServerResponse.send (D:\\VisualStudioCode\\social-media-node-ms\\user-service\\node_modules\\express\\lib\\response.js:174:12)\n    at ServerResponse.json (D:\\VisualStudioCode\\social-media-node-ms\\user-service\\node_modules\\express\\lib\\response.js:278:15)\n    at registerUser (D:\\VisualStudioCode\\social-media-node-ms\\user-service\\src\\controllers\\userController.js:24:30)\n    at process.processTicksAndRejections (node:internal/process/task_queues:95:5)","timestamp":"2025-01-13T15:48:35.908Z"}
{"0":"r","1":"e","2":"a","3":"s","4":"o","5":"n","6":":","code":"ERR_HTTP_HEADERS_SENT","level":"error","message":"Unhandled rejection at","service":"user-service","timestamp":"2025-01-13T15:48:35.911Z"}
{"level":"info","message":"Received Request Method POST to url /api/auth/register of body => [object Object] ","service":"user-service","timestamp":"2025-01-13T15:49:16.318Z"}
{"level":"info","message":"Registration endpoint hit...","service":"user-service","timestamp":"2025-01-13T15:49:16.321Z"}
{"buffer":{"data":[103,133,53,252,144,200,156,183,132,236,125,23],"type":"Buffer"},"level":"warn","message":"User saved successfully","service":"user-service","timestamp":"2025-01-13T15:49:16.487Z"}
{"level":"error","message":"Registration error occured date is not defined","service":"user-service","stack":"ReferenceError: date is not defined\n    at generateToken (D:\\VisualStudioCode\\social-media-node-ms\\user-service\\src\\utils\\generateToken.js:16:21)\n    at registerUser (D:\\VisualStudioCode\\social-media-node-ms\\user-service\\src\\controllers\\userController.js:34:49)\n    at process.processTicksAndRejections (node:internal/process/task_queues:95:5)","timestamp":"2025-01-13T15:49:16.494Z"}
{"0":"r","1":"e","2":"a","3":"s","4":"o","5":"n","6":":","code":"ERR_HTTP_HEADERS_SENT","level":"error","message":"Unhandled rejection at","service":"user-service","timestamp":"2025-01-13T15:49:16.498Z"}
{"level":"info","message":"User Service running on port: 3001","service":"user-service","timestamp":"2025-01-13T15:50:22.394Z"}
{"level":"info","message":"Connected to mongodb","service":"user-service","timestamp":"2025-01-13T15:50:22.953Z"}
{"level":"info","message":"Received Request Method POST to url /api/auth/register of body => [object Object] ","service":"user-service","timestamp":"2025-01-13T15:50:29.100Z"}
{"level":"info","message":"Registration endpoint hit...","service":"user-service","timestamp":"2025-01-13T15:50:29.109Z"}
{"level":"warn","message":"User already exists","service":"user-service","timestamp":"2025-01-13T15:50:29.147Z"}
{"code":"ERR_HTTP_HEADERS_SENT","level":"error","message":"Registration error occured Cannot set headers after they are sent to the client","service":"user-service","stack":"Error [ERR_HTTP_HEADERS_SENT]: Cannot set headers after they are sent to the client\n    at new NodeError (node:internal/errors:405:5)\n    at ServerResponse.setHeader (node:_http_outgoing:648:11)\n    at ServerResponse.header (D:\\VisualStudioCode\\social-media-node-ms\\user-service\\node_modules\\express\\lib\\response.js:794:10)\n    at ServerResponse.send (D:\\VisualStudioCode\\social-media-node-ms\\user-service\\node_modules\\express\\lib\\response.js:174:12)\n    at ServerResponse.json (D:\\VisualStudioCode\\social-media-node-ms\\user-service\\node_modules\\express\\lib\\response.js:278:15)\n    at registerUser (D:\\VisualStudioCode\\social-media-node-ms\\user-service\\src\\controllers\\userController.js:24:30)\n    at process.processTicksAndRejections (node:internal/process/task_queues:95:5)","timestamp":"2025-01-13T15:50:29.149Z"}
{"0":"r","1":"e","2":"a","3":"s","4":"o","5":"n","6":":","code":"ERR_HTTP_HEADERS_SENT","level":"error","message":"Unhandled rejection at","service":"user-service","timestamp":"2025-01-13T15:50:29.153Z"}
{"level":"info","message":"User Service running on port: 3001","service":"user-service","timestamp":"2025-01-13T15:51:10.247Z"}
{"level":"info","message":"Connected to mongodb","service":"user-service","timestamp":"2025-01-13T15:51:10.835Z"}
{"level":"info","message":"Received Request Method POST to url /api/auth/register of body => [object Object] ","service":"user-service","timestamp":"2025-01-13T15:51:13.369Z"}
{"level":"info","message":"Registration endpoint hit...","service":"user-service","timestamp":"2025-01-13T15:51:13.371Z"}
{"level":"warn","message":"User already exists","service":"user-service","timestamp":"2025-01-13T15:51:13.413Z"}
{"level":"info","message":"Received Request Method POST to url /api/auth/register of body => [object Object] ","service":"user-service","timestamp":"2025-01-13T15:51:35.997Z"}
{"level":"info","message":"Registration endpoint hit...","service":"user-service","timestamp":"2025-01-13T15:51:35.998Z"}
{"buffer":{"data":[103,133,54,136,88,71,174,102,143,187,170,16],"type":"Buffer"},"level":"warn","message":"User saved successfully","service":"user-service","timestamp":"2025-01-13T15:51:36.143Z"}
{"level":"error","message":"Registration error occured date is not defined","service":"user-service","stack":"ReferenceError: date is not defined\n    at generateToken (D:\\VisualStudioCode\\social-media-node-ms\\user-service\\src\\utils\\generateToken.js:16:21)\n    at registerUser (D:\\VisualStudioCode\\social-media-node-ms\\user-service\\src\\controllers\\userController.js:34:49)\n    at process.processTicksAndRejections (node:internal/process/task_queues:95:5)","timestamp":"2025-01-13T15:51:36.149Z"}
{"level":"info","message":"User Service running on port: 3001","service":"user-service","timestamp":"2025-01-13T15:52:09.576Z"}
{"level":"info","message":"Connected to mongodb","service":"user-service","timestamp":"2025-01-13T15:52:10.079Z"}
{"level":"info","message":"Received Request Method POST to url /api/auth/register of body => [object Object] ","service":"user-service","timestamp":"2025-01-13T15:52:53.910Z"}
{"level":"info","message":"Registration endpoint hit...","service":"user-service","timestamp":"2025-01-13T15:52:53.914Z"}
{"buffer":{"data":[103,133,54,213,55,23,192,64,171,11,152,27],"type":"Buffer"},"level":"warn","message":"User saved successfully","service":"user-service","timestamp":"2025-01-13T15:52:54.122Z"}
{"level":"error","message":"Registration error occured date is not defined","service":"user-service","stack":"ReferenceError: date is not defined\n    at generateToken (D:\\VisualStudioCode\\social-media-node-ms\\user-service\\src\\utils\\generateToken.js:16:21)\n    at registerUser (D:\\VisualStudioCode\\social-media-node-ms\\user-service\\src\\controllers\\userController.js:34:49)\n    at process.processTicksAndRejections (node:internal/process/task_queues:95:5)","timestamp":"2025-01-13T15:52:54.128Z"}
{"level":"info","message":"User Service running on port: 3001","service":"user-service","timestamp":"2025-01-13T15:53:42.928Z"}
{"level":"info","message":"Connected to mongodb","service":"user-service","timestamp":"2025-01-13T15:53:43.540Z"}
{"level":"info","message":"Received Request Method POST to url /api/auth/register of body => [object Object] ","service":"user-service","timestamp":"2025-01-13T15:53:45.191Z"}
{"level":"info","message":"Registration endpoint hit...","service":"user-service","timestamp":"2025-01-13T15:53:45.193Z"}
{"level":"warn","message":"User already exists","service":"user-service","timestamp":"2025-01-13T15:53:45.245Z"}
{"level":"info","message":"Received Request Method POST to url /api/auth/register of body => [object Object] ","service":"user-service","timestamp":"2025-01-13T15:53:55.568Z"}
{"level":"info","message":"Registration endpoint hit...","service":"user-service","timestamp":"2025-01-13T15:53:55.569Z"}
{"buffer":{"data":[103,133,55,19,131,103,174,254,190,71,118,115],"type":"Buffer"},"level":"warn","message":"User saved successfully","service":"user-service","timestamp":"2025-01-13T15:53:55.728Z"}
{"level":"info","message":"User Service running on port: 3001","service":"user-service","timestamp":"2025-01-13T15:55:00.232Z"}
{"level":"info","message":"Connected to mongodb","service":"user-service","timestamp":"2025-01-13T15:55:00.732Z"}
{"level":"info","message":"User Service running on port: 3001","service":"user-service","timestamp":"2025-01-14T10:15:36.889Z"}
{"level":"info","message":"Connected to mongodb","service":"user-service","timestamp":"2025-01-14T10:15:37.824Z"}
{"level":"info","message":"User Service running on port: 3001","service":"user-service","timestamp":"2025-01-14T10:16:48.843Z"}
{"level":"info","message":"Connected to mongodb","service":"user-service","timestamp":"2025-01-14T10:16:49.507Z"}
{"level":"info","message":"User Service running on port: 3001","service":"user-service","timestamp":"2025-01-14T10:17:02.362Z"}
{"level":"info","message":"Connected to mongodb","service":"user-service","timestamp":"2025-01-14T10:17:02.873Z"}
{"level":"info","message":"User Service running on port: 3001","service":"user-service","timestamp":"2025-01-14T10:17:26.356Z"}
{"level":"info","message":"Connected to mongodb","service":"user-service","timestamp":"2025-01-14T10:17:26.801Z"}
{"level":"info","message":"User Service running on port: 3001","service":"user-service","timestamp":"2025-01-14T10:20:40.042Z"}
{"level":"info","message":"Connected to mongodb","service":"user-service","timestamp":"2025-01-14T10:20:40.774Z"}
{"level":"info","message":"User Service running on port: 3001","service":"user-service","timestamp":"2025-01-14T10:23:12.067Z"}
{"level":"info","message":"Connected to mongodb","service":"user-service","timestamp":"2025-01-14T10:23:12.700Z"}
{"level":"info","message":"Received Request Method POST to url /api/auth/login of body => [object Object] ","service":"user-service","timestamp":"2025-01-14T10:23:23.846Z"}
{"level":"info","message":"Login endpoint hit...","service":"user-service","timestamp":"2025-01-14T10:23:23.849Z"}
{"0":"\"","1":"u","10":" ","11":"i","12":"s","13":" ","14":"n","15":"o","16":"t","17":" ","18":"a","19":"l","2":"s","20":"l","21":"o","22":"w","23":"e","24":"d","3":"e","4":"r","5":"n","6":"a","7":"m","8":"e","9":"\"","level":"warn","message":"Validation error","service":"user-service","timestamp":"2025-01-14T10:23:23.868Z"}
{"level":"info","message":"Received Request Method POST to url /api/auth/login of body => [object Object] ","service":"user-service","timestamp":"2025-01-14T10:23:59.599Z"}
{"level":"info","message":"Login endpoint hit...","service":"user-service","timestamp":"2025-01-14T10:23:59.603Z"}
{"level":"error","message":"Login error occured generateTokens is not defined","service":"user-service","stack":"ReferenceError: generateTokens is not defined\n    at loginUser (D:\\VisualStudioCode\\social-media-node-ms\\user-service\\src\\controllers\\userController.js:87:43)","timestamp":"2025-01-14T10:23:59.822Z"}
{"level":"info","message":"User Service running on port: 3001","service":"user-service","timestamp":"2025-01-14T10:24:23.503Z"}
{"level":"info","message":"Connected to mongodb","service":"user-service","timestamp":"2025-01-14T10:24:24.100Z"}
{"level":"info","message":"Received Request Method POST to url /api/auth/login of body => [object Object] ","service":"user-service","timestamp":"2025-01-14T10:24:27.439Z"}
{"level":"info","message":"Login endpoint hit...","service":"user-service","timestamp":"2025-01-14T10:24:27.441Z"}
{"level":"info","message":"User Service running on port: 3001","service":"user-service","timestamp":"2025-01-14T14:35:52.452Z"}
{"level":"info","message":"Connected to mongodb","service":"user-service","timestamp":"2025-01-14T14:35:53.046Z"}
{"level":"info","message":"Received Request Method POST to url /api/auth/login of body => [object Object] ","service":"user-service","timestamp":"2025-01-14T14:35:55.970Z"}
{"level":"info","message":"Login endpoint hit...","service":"user-service","timestamp":"2025-01-14T14:35:55.972Z"}
{"level":"info","message":"Received Request Method POST to url /api/auth/login of body => [object Object] ","service":"user-service","timestamp":"2025-01-14T15:59:47.329Z"}
{"level":"info","message":"Login endpoint hit...","service":"user-service","timestamp":"2025-01-14T15:59:47.334Z"}
{"level":"info","message":"Received Request Method POST to url /api/auth/login of body => [object Object] ","service":"user-service","timestamp":"2025-01-16T11:50:06.388Z"}
{"level":"info","message":"Login endpoint hit...","service":"user-service","timestamp":"2025-01-16T11:50:06.389Z"}
{"0":"\"","1":"u","10":" ","11":"i","12":"s","13":" ","14":"n","15":"o","16":"t","17":" ","18":"a","19":"l","2":"s","20":"l","21":"o","22":"w","23":"e","24":"d","3":"e","4":"r","5":"n","6":"a","7":"m","8":"e","9":"\"","level":"warn","message":"Validation error","service":"user-service","timestamp":"2025-01-16T11:50:06.396Z"}
{"level":"info","message":"Received Request Method POST to url /api/auth/login of body => [object Object] ","service":"user-service","timestamp":"2025-01-16T11:50:21.295Z"}
{"level":"info","message":"Login endpoint hit...","service":"user-service","timestamp":"2025-01-16T11:50:21.297Z"}
{"level":"info","message":"User Service running on port: 3001","service":"user-service","timestamp":"2025-01-19T05:30:43.230Z"}
{"level":"info","message":"Connected to mongodb","service":"user-service","timestamp":"2025-01-19T05:30:43.840Z"}
{"level":"info","message":"User Service running on port: 3001","service":"user-service","timestamp":"2025-01-19T07:45:07.518Z"}
{"level":"info","message":"Connected to mongodb","service":"user-service","timestamp":"2025-01-19T07:45:08.046Z"}
